<?xml version="1.0" encoding="UTF-8"?>
<testsuite xmlns:xsi="http://www.w3.org/2001/XMLSchema-instance" xsi:noNamespaceSchemaLocation="https://maven.apache.org/surefire/maven-surefire-plugin/xsd/surefire-test-report-3.0.xsd" version="3.0" name="net.javaguides.ims_backend.ImsBackendApplicationTests" time="7.217" tests="1" errors="0" skipped="0" failures="0">
  <properties>
[...]
</properties>
  <testcase name="contextLoads" classname="net.javaguides.ims_backend.ImsBackendApplicationTests" time="0.774">
    <system-out><![CDATA[02:58:19.272 [main] INFO org.springframework.test.context.support.AnnotationConfigContextLoaderUtils -- Could not detect default configuration classes for test class [net.javaguides.ims_backend.ImsBackendApplicationTests]: ImsBackendApplicationTests does not declare any static, non-private, non-final, nested classes annotated with @Configuration.
02:58:19.398 [main] INFO org.springframework.boot.test.context.SpringBootTestContextBootstrapper -- Found @SpringBootConfiguration net.javaguides.ims_backend.ImsBackendApplication for test class net.javaguides.ims_backend.ImsBackendApplicationTests

  .   ____          _            __ _ _
 /\\ / ___'_ __ _ _(_)_ __  __ _ \ \ \ \
( ( )\___ | '_ | '_| | '_ \/ _` | \ \ \ \
 \\/  ___)| |_)| | | | | || (_| |  ) ) ) )
  '  |____| .__|_| |_|_| |_\__, | / / / /
 =========|_|==============|___/=/_/_/_/
 :: Spring Boot ::                (v3.1.5)

2025-02-24T02:58:20.057+05:30  INFO 12856 --- [           main] n.j.i.ImsBackendApplicationTests         : Starting ImsBackendApplicationTests using Java 17.0.13 with PID 12856 (started by Dulmi in C:\Users\Dulmi\Desktop\sarath\ims-backend)
2025-02-24T02:58:20.059+05:30  INFO 12856 --- [           main] n.j.i.ImsBackendApplicationTests         : No active profile set, falling back to 1 default profile: "default"
2025-02-24T02:58:20.999+05:30  INFO 12856 --- [           main] .s.d.r.c.RepositoryConfigurationDelegate : Bootstrapping Spring Data JPA repositories in DEFAULT mode.
2025-02-24T02:58:21.076+05:30  INFO 12856 --- [           main] .s.d.r.c.RepositoryConfigurationDelegate : Finished Spring Data repository scanning in 69 ms. Found 1 JPA repository interfaces.
2025-02-24T02:58:21.706+05:30  INFO 12856 --- [           main] o.hibernate.jpa.internal.util.LogHelper  : HHH000204: Processing PersistenceUnitInfo [name: default]
2025-02-24T02:58:21.822+05:30  INFO 12856 --- [           main] org.hibernate.Version                    : HHH000412: Hibernate ORM core version 6.2.13.Final
2025-02-24T02:58:21.822+05:30  INFO 12856 --- [           main] org.hibernate.cfg.Environment            : HHH000406: Using bytecode reflection optimizer
2025-02-24T02:58:22.285+05:30  INFO 12856 --- [           main] o.s.o.j.p.SpringPersistenceUnitInfo      : No LoadTimeWeaver setup: ignoring JPA class transformer
2025-02-24T02:58:22.317+05:30  INFO 12856 --- [           main] com.zaxxer.hikari.HikariDataSource       : HikariPool-1 - Starting...
2025-02-24T02:58:22.739+05:30  INFO 12856 --- [           main] com.zaxxer.hikari.pool.HikariPool        : HikariPool-1 - Added connection com.mysql.cj.jdbc.ConnectionImpl@3d1c52f5
2025-02-24T02:58:22.755+05:30  INFO 12856 --- [           main] com.zaxxer.hikari.HikariDataSource       : HikariPool-1 - Start completed.
2025-02-24T02:58:22.805+05:30  WARN 12856 --- [           main] org.hibernate.orm.deprecation            : HHH90000025: MySQL8Dialect does not need to be specified explicitly using 'hibernate.dialect' (remove the property setting and it will be selected by default)
2025-02-24T02:58:22.805+05:30  WARN 12856 --- [           main] org.hibernate.orm.deprecation            : HHH90000026: MySQL8Dialect has been deprecated; use org.hibernate.dialect.MySQLDialect instead
2025-02-24T02:58:23.996+05:30  INFO 12856 --- [           main] o.h.e.t.j.p.i.JtaPlatformInitiator       : HHH000489: No JTA platform available (set 'hibernate.transaction.jta.platform' to enable JTA platform integration)
2025-02-24T02:58:24.077+05:30  INFO 12856 --- [           main] j.LocalContainerEntityManagerFactoryBean : Initialized JPA EntityManagerFactory for persistence unit 'default'
2025-02-24T02:58:24.617+05:30  WARN 12856 --- [           main] JpaBaseConfiguration$JpaWebConfiguration : spring.jpa.open-in-view is enabled by default. Therefore, database queries may be performed during view rendering. Explicitly configure spring.jpa.open-in-view to disable this warning
2025-02-24T02:58:24.661+05:30  WARN 12856 --- [           main] .s.s.UserDetailsServiceAutoConfiguration : 

Using generated security password: 320bac8f-a79c-4860-bee7-4cf1bcc38cc8

This generated password is for development use only. Your security configuration must be updated before running your application in production.

2025-02-24T02:58:24.810+05:30  INFO 12856 --- [           main] o.s.s.web.DefaultSecurityFilterChain     : Will secure any request with [org.springframework.security.web.session.DisableEncodeUrlFilter@7f39ad3f, org.springframework.security.web.context.request.async.WebAsyncManagerIntegrationFilter@7524125c, org.springframework.security.web.context.SecurityContextHolderFilter@32050628, org.springframework.security.web.header.HeaderWriterFilter@35e3f3b8, org.springframework.security.web.authentication.logout.LogoutFilter@57466fb7, org.springframework.security.web.savedrequest.RequestCacheAwareFilter@469bd719, org.springframework.security.web.servletapi.SecurityContextHolderAwareRequestFilter@579ee82, org.springframework.security.web.authentication.AnonymousAuthenticationFilter@7612f385, org.springframework.security.web.access.ExceptionTranslationFilter@51bc649e, org.springframework.security.web.access.intercept.AuthorizationFilter@5feaafb3]
2025-02-24T02:58:25.478+05:30  INFO 12856 --- [           main] n.j.i.ImsBackendApplicationTests         : Started ImsBackendApplicationTests in 5.84 seconds (process running for 7.069)
]]></system-out>
  </testcase>
</testsuite>